  [1m[35m (575.0ms)[0m  [1m[35mCREATE DATABASE "NinetyNineCats_development" ENCODING = 'unicode'[0m
  ↳ bin/rails:9
  [1m[35m (336.6ms)[0m  [1m[35mCREATE DATABASE "NinetyNineCats_test" ENCODING = 'unicode'[0m
  ↳ bin/rails:9
  [1m[35m (916.3ms)[0m  [1m[35mCREATE TABLE "schema_migrations" ("version" character varying NOT NULL PRIMARY KEY)[0m
  ↳ bin/rails:9
  [1m[35m (46.0ms)[0m  [1m[35mCREATE TABLE "ar_internal_metadata" ("key" character varying NOT NULL PRIMARY KEY, "value" character varying, "created_at" timestamp NOT NULL, "updated_at" timestamp NOT NULL)[0m
  ↳ bin/rails:9
  [1m[35m (26.1ms)[0m  [1m[34mSELECT pg_try_advisory_lock(4867400193759934845)[0m
  ↳ bin/rails:9
  [1m[35m (7.2ms)[0m  [1m[34mSELECT "schema_migrations"."version" FROM "schema_migrations" ORDER BY "schema_migrations"."version" ASC[0m
  ↳ bin/rails:9
Migrating to CreateCats (20181113170652)
  [1m[35m (0.4ms)[0m  [1m[35mBEGIN[0m
  ↳ bin/rails:9
  [1m[35m (0.3ms)[0m  [1m[31mROLLBACK[0m
  ↳ bin/rails:9
  [1m[35m (0.6ms)[0m  [1m[34mSELECT pg_advisory_unlock(4867400193759934845)[0m
  ↳ bin/rails:9
  [1m[35m (0.5ms)[0m  [1m[34mSELECT pg_try_advisory_lock(4867400193759934845)[0m
  ↳ bin/rails:9
  [1m[35m (1.0ms)[0m  [1m[34mSELECT "schema_migrations"."version" FROM "schema_migrations" ORDER BY "schema_migrations"."version" ASC[0m
  ↳ bin/rails:9
Migrating to CreateCats (20181113170652)
  [1m[35m (0.2ms)[0m  [1m[35mBEGIN[0m
  ↳ bin/rails:9
  [1m[35m (0.2ms)[0m  [1m[31mROLLBACK[0m
  ↳ bin/rails:9
  [1m[35m (0.3ms)[0m  [1m[34mSELECT pg_advisory_unlock(4867400193759934845)[0m
  ↳ bin/rails:9
  [1m[35m (0.5ms)[0m  [1m[34mSELECT pg_try_advisory_lock(4867400193759934845)[0m
  ↳ bin/rails:9
  [1m[35m (1.1ms)[0m  [1m[34mSELECT "schema_migrations"."version" FROM "schema_migrations" ORDER BY "schema_migrations"."version" ASC[0m
  ↳ bin/rails:9
Migrating to CreateCats (20181113170652)
  [1m[35m (0.2ms)[0m  [1m[35mBEGIN[0m
  ↳ bin/rails:9
  [1m[35m (184.8ms)[0m  [1m[35mCREATE TABLE "cats" ("id" bigserial primary key, "birth_date" date NOT NULL, "color" character varying NOT NULL, "name" character varying NOT NULL, "sex" character varying(1) NOT NULL, "description" text NOT NULL, "created_at" timestamp NOT NULL, "updated_at" timestamp NOT NULL)[0m
  ↳ db/migrate/20181113170652_create_cats.rb:3
  [1m[36mActiveRecord::SchemaMigration Create (54.2ms)[0m  [1m[32mINSERT INTO "schema_migrations" ("version") VALUES ($1) RETURNING "version"[0m  [["version", "20181113170652"]]
  ↳ bin/rails:9
  [1m[35m (1.0ms)[0m  [1m[35mCOMMIT[0m
  ↳ bin/rails:9
  [1m[36mActiveRecord::InternalMetadata Load (48.0ms)[0m  [1m[34mSELECT  "ar_internal_metadata".* FROM "ar_internal_metadata" WHERE "ar_internal_metadata"."key" = $1 LIMIT $2[0m  [["key", "environment"], ["LIMIT", 1]]
  ↳ bin/rails:9
  [1m[35m (0.2ms)[0m  [1m[35mBEGIN[0m
  ↳ bin/rails:9
  [1m[36mActiveRecord::InternalMetadata Create (17.6ms)[0m  [1m[32mINSERT INTO "ar_internal_metadata" ("key", "value", "created_at", "updated_at") VALUES ($1, $2, $3, $4) RETURNING "key"[0m  [["key", "environment"], ["value", "development"], ["created_at", "2018-11-13 19:58:13.149170"], ["updated_at", "2018-11-13 19:58:13.149170"]]
  ↳ bin/rails:9
  [1m[35m (0.5ms)[0m  [1m[35mCOMMIT[0m
  ↳ bin/rails:9
  [1m[35m (0.6ms)[0m  [1m[34mSELECT pg_advisory_unlock(4867400193759934845)[0m
  ↳ bin/rails:9
  [1m[35m (0.6ms)[0m  [1m[34mSELECT "schema_migrations"."version" FROM "schema_migrations" ORDER BY "schema_migrations"."version" ASC[0m
  ↳ bin/rails:9
  [1m[35m (1.2ms)[0m  [1m[34mSELECT "schema_migrations"."version" FROM "schema_migrations" ORDER BY "schema_migrations"."version" ASC[0m
  ↳ /usr/local/var/rbenv/versions/2.5.0/bin/annotate:23
  [1m[35m (1.1ms)[0m  [1m[34mSELECT "schema_migrations"."version" FROM "schema_migrations" ORDER BY "schema_migrations"."version" ASC[0m
  ↳ /usr/local/var/rbenv/versions/2.5.0/bin/annotate:23
  [1m[35m (14.9ms)[0m  [1m[34mSELECT "schema_migrations"."version" FROM "schema_migrations" ORDER BY "schema_migrations"."version" ASC[0m
  ↳ bin/rails:9
  [1m[35m (0.3ms)[0m  [1m[35mBEGIN[0m
  ↳ db/seeds.rb:10
  [1m[36mCat Create (31.5ms)[0m  [1m[32mINSERT INTO "cats" ("birth_date", "color", "name", "sex", "description", "created_at", "updated_at") VALUES ($1, $2, $3, $4, $5, $6, $7) RETURNING "id"[0m  [["birth_date", "2014-06-12"], ["color", "salmon"], ["name", "Smokey"], ["sex", "M"], ["description", "Hey, I guess they're right. Senior citizens, although slow and dangerous behind the wheel, can still serve a purpose. I'll be right back. Don't you go dying on me!"], ["created_at", "2018-11-13 21:57:53.608362"], ["updated_at", "2018-11-13 21:57:53.608362"]]
  ↳ db/seeds.rb:10
  [1m[35m (20.9ms)[0m  [1m[35mCOMMIT[0m
  ↳ db/seeds.rb:10
  [1m[35m (0.2ms)[0m  [1m[35mBEGIN[0m
  ↳ db/seeds.rb:10
  [1m[36mCat Create (0.5ms)[0m  [1m[32mINSERT INTO "cats" ("birth_date", "color", "name", "sex", "description", "created_at", "updated_at") VALUES ($1, $2, $3, $4, $5, $6, $7) RETURNING "id"[0m  [["birth_date", "2014-06-12"], ["color", "cyan"], ["name", "Milo"], ["sex", "M"], ["description", "Lloyd, I can't feel my fingers, they're numb! Oh well here, take this extra pair of gloves, my hands are starting to get a little sweaty. Extra gloves? You've had extra gloves this whole time? Uh yea, we are in the Rockies. Jeez!"], ["created_at", "2018-11-13 21:57:53.670448"], ["updated_at", "2018-11-13 21:57:53.670448"]]
  ↳ db/seeds.rb:10
  [1m[35m (0.5ms)[0m  [1m[35mCOMMIT[0m
  ↳ db/seeds.rb:10
  [1m[35m (0.1ms)[0m  [1m[35mBEGIN[0m
  ↳ db/seeds.rb:10
  [1m[36mCat Create (0.5ms)[0m  [1m[32mINSERT INTO "cats" ("birth_date", "color", "name", "sex", "description", "created_at", "updated_at") VALUES ($1, $2, $3, $4, $5, $6, $7) RETURNING "id"[0m  [["birth_date", "2014-06-12"], ["color", "silver"], ["name", "Felix"], ["sex", "M"], ["description", "Hey look there's some people who want a ride too. Pick'em up!"], ["created_at", "2018-11-13 21:57:53.673477"], ["updated_at", "2018-11-13 21:57:53.673477"]]
  ↳ db/seeds.rb:10
  [1m[35m (0.5ms)[0m  [1m[35mCOMMIT[0m
  ↳ db/seeds.rb:10
  [1m[35m (0.1ms)[0m  [1m[35mBEGIN[0m
  ↳ db/seeds.rb:10
  [1m[36mCat Create (0.7ms)[0m  [1m[32mINSERT INTO "cats" ("birth_date", "color", "name", "sex", "description", "created_at", "updated_at") VALUES ($1, $2, $3, $4, $5, $6, $7) RETURNING "id"[0m  [["birth_date", "2014-06-12"], ["color", "tan"], ["name", "Sooty"], ["sex", "M"], ["description", "Lloyd, I can't feel my fingers, they're numb! Oh well here, take this extra pair of gloves, my hands are starting to get a little sweaty. Extra gloves? You've had extra gloves this whole time? Uh yea, we are in the Rockies. Jeez!"], ["created_at", "2018-11-13 21:57:53.676530"], ["updated_at", "2018-11-13 21:57:53.676530"]]
  ↳ db/seeds.rb:10
  [1m[35m (0.5ms)[0m  [1m[35mCOMMIT[0m
  ↳ db/seeds.rb:10
  [1m[35m (0.3ms)[0m  [1m[35mBEGIN[0m
  ↳ db/seeds.rb:10
  [1m[36mCat Create (0.6ms)[0m  [1m[32mINSERT INTO "cats" ("birth_date", "color", "name", "sex", "description", "created_at", "updated_at") VALUES ($1, $2, $3, $4, $5, $6, $7) RETURNING "id"[0m  [["birth_date", "2014-06-12"], ["color", "purple"], ["name", "Oscar"], ["sex", "M"], ["description", "You're it. You're it. You're it, quitsies! Anti-quitsies, you're it, quitsies, no anti-quitsies, no startsies! You can't do that! Can too! Cannot, stamp it! Can too, double stamp it, no erasies! Cannot, triple stamp, no erasies, Touch blue make it true. No, you can't do that... you can't triple stamp a double stamp, you can't triple stamp a double stamp! Lloyd! LA LA LA LA LA LA!  LLOYD! LLOYD! LLOYD!"], ["created_at", "2018-11-13 21:57:53.680813"], ["updated_at", "2018-11-13 21:57:53.680813"]]
  ↳ db/seeds.rb:10
  [1m[35m (0.5ms)[0m  [1m[35mCOMMIT[0m
  ↳ db/seeds.rb:10
  [1m[35m (0.2ms)[0m  [1m[35mBEGIN[0m
  ↳ db/seeds.rb:10
  [1m[36mCat Create (0.5ms)[0m  [1m[32mINSERT INTO "cats" ("birth_date", "color", "name", "sex", "description", "created_at", "updated_at") VALUES ($1, $2, $3, $4, $5, $6, $7) RETURNING "id"[0m  [["birth_date", "2014-06-12"], ["color", "cyan"], ["name", "Oscar"], ["sex", "M"], ["description", "The first time I set eyes on Mary Swanson, I just got that old fashioned romantic feeling where I'd do anything to bone her. That's a special feeling, Lloyd."], ["created_at", "2018-11-13 21:57:53.684271"], ["updated_at", "2018-11-13 21:57:53.684271"]]
  ↳ db/seeds.rb:10
  [1m[35m (0.4ms)[0m  [1m[35mCOMMIT[0m
  ↳ db/seeds.rb:10
  [1m[35m (0.2ms)[0m  [1m[35mBEGIN[0m
  ↳ db/seeds.rb:10
  [1m[36mCat Create (0.5ms)[0m  [1m[32mINSERT INTO "cats" ("birth_date", "color", "name", "sex", "description", "created_at", "updated_at") VALUES ($1, $2, $3, $4, $5, $6, $7) RETURNING "id"[0m  [["birth_date", "2014-06-12"], ["color", "magenta"], ["name", "Smudge"], ["sex", "M"], ["description", "So you're telling me there's a chance... YEAH!"], ["created_at", "2018-11-13 21:57:53.687599"], ["updated_at", "2018-11-13 21:57:53.687599"]]
  ↳ db/seeds.rb:10
  [1m[35m (0.5ms)[0m  [1m[35mCOMMIT[0m
  ↳ db/seeds.rb:10
  [1m[35m (0.2ms)[0m  [1m[35mBEGIN[0m
  ↳ db/seeds.rb:10
  [1m[36mCat Create (0.6ms)[0m  [1m[32mINSERT INTO "cats" ("birth_date", "color", "name", "sex", "description", "created_at", "updated_at") VALUES ($1, $2, $3, $4, $5, $6, $7) RETURNING "id"[0m  [["birth_date", "2014-06-12"], ["color", "tan"], ["name", "Tiger"], ["sex", "F"], ["description", "Pills are goooood. Pills are goooood!"], ["created_at", "2018-11-13 21:57:53.690855"], ["updated_at", "2018-11-13 21:57:53.690855"]]
  ↳ db/seeds.rb:10
  [1m[35m (0.4ms)[0m  [1m[35mCOMMIT[0m
  ↳ db/seeds.rb:10
  [1m[35m (0.2ms)[0m  [1m[35mBEGIN[0m
  ↳ db/seeds.rb:10
  [1m[36mCat Create (0.8ms)[0m  [1m[32mINSERT INTO "cats" ("birth_date", "color", "name", "sex", "description", "created_at", "updated_at") VALUES ($1, $2, $3, $4, $5, $6, $7) RETURNING "id"[0m  [["birth_date", "2014-06-12"], ["color", "azure"], ["name", "Daisy"], ["sex", "F"], ["description", "Why would she have you meet her in a bar at ten in the morning? I just figured she was a raging alcoholic."], ["created_at", "2018-11-13 21:57:53.694286"], ["updated_at", "2018-11-13 21:57:53.694286"]]
  ↳ db/seeds.rb:10
  [1m[35m (0.5ms)[0m  [1m[35mCOMMIT[0m
  ↳ db/seeds.rb:10
  [1m[35m (0.2ms)[0m  [1m[35mBEGIN[0m
  ↳ db/seeds.rb:10
  [1m[36mCat Create (0.5ms)[0m  [1m[32mINSERT INTO "cats" ("birth_date", "color", "name", "sex", "description", "created_at", "updated_at") VALUES ($1, $2, $3, $4, $5, $6, $7) RETURNING "id"[0m  [["birth_date", "2014-06-12"], ["color", "teal"], ["name", "Angel"], ["sex", "F"], ["description", "How's your burger?"], ["created_at", "2018-11-13 21:57:53.698733"], ["updated_at", "2018-11-13 21:57:53.698733"]]
  ↳ db/seeds.rb:10
  [1m[35m (0.5ms)[0m  [1m[35mCOMMIT[0m
  ↳ db/seeds.rb:10
Started GET "/cats" for 127.0.0.1 at 2018-11-13 13:58:32 -0800
  [1m[35m (1.2ms)[0m  [1m[34mSELECT "schema_migrations"."version" FROM "schema_migrations" ORDER BY "schema_migrations"."version" ASC[0m
  ↳ /usr/local/var/rbenv/versions/2.5.0/lib/ruby/gems/2.5.0/gems/activerecord-5.2.1/lib/active_record/log_subscriber.rb:98
Processing by CatsController#index as HTML
Completed 500 Internal Server Error in 66ms (ActiveRecord: 0.0ms)



ActionView::MissingTemplate - Missing template cats/index, application/index with {:locale=>[:en], :formats=>[:html], :variants=>[], :handlers=>[:raw, :erb, :html, :builder, :ruby, :coffee, :jbuilder]}. Searched in:
  * "/Users/appacademy/Desktop/a-A-Pair-Programming-Week-4-Day-2/NinetyNineCats/app/views"
:
  app/controllers/cats_controller.rb:4:in `index'

Started POST "/__better_errors/7b9cbc18d9db7584/variables" for 127.0.0.1 at 2018-11-13 13:58:34 -0800
  [1m[36mCat Load (29.3ms)[0m  [1m[34mSELECT  "cats".* FROM "cats" LIMIT $1[0m  [["LIMIT", 11]]
  ↳ /usr/local/var/rbenv/versions/2.5.0/lib/ruby/gems/2.5.0/gems/activerecord-5.2.1/lib/active_record/log_subscriber.rb:98
  [1m[36mCACHE Cat Load (0.0ms)[0m  [1m[34mSELECT  "cats".* FROM "cats" LIMIT $1[0m  [["LIMIT", 11]]
  ↳ /usr/local/var/rbenv/versions/2.5.0/lib/ruby/gems/2.5.0/gems/activerecord-5.2.1/lib/active_record/log_subscriber.rb:98
  [1m[36mCACHE Cat Load (0.0ms)[0m  [1m[34mSELECT  "cats".* FROM "cats" LIMIT $1[0m  [["LIMIT", 11]]
  ↳ /usr/local/var/rbenv/versions/2.5.0/lib/ruby/gems/2.5.0/gems/activerecord-5.2.1/lib/active_record/log_subscriber.rb:98
Started GET "/cats" for 127.0.0.1 at 2018-11-13 14:00:16 -0800
Processing by CatsController#index as HTML
  Rendering cats/index.html.erb within layouts/application
  [1m[36mCat Load (0.9ms)[0m  [1m[34mSELECT "cats".* FROM "cats"[0m
  ↳ app/views/cats/index.html.erb:3
  Rendered cats/index.html.erb within layouts/application (37.1ms)
Completed 200 OK in 713ms (Views: 711.5ms | ActiveRecord: 0.9ms)


Started GET "/cats" for 127.0.0.1 at 2018-11-13 14:00:34 -0800
Processing by CatsController#index as HTML
  Rendering cats/index.html.erb within layouts/application
  [1m[36mCat Load (1.3ms)[0m  [1m[34mSELECT "cats".* FROM "cats"[0m
  ↳ app/views/cats/index.html.erb:3
  Rendered cats/index.html.erb within layouts/application (4.8ms)
Completed 200 OK in 36ms (Views: 34.3ms | ActiveRecord: 1.3ms)


Started GET "/cats/1" for 127.0.0.1 at 2018-11-13 14:02:30 -0800
Processing by CatsController#show as HTML
  Parameters: {"id"=>"1"}
  [1m[36mCat Load (0.6ms)[0m  [1m[34mSELECT  "cats".* FROM "cats" WHERE "cats"."id" = $1 LIMIT $2[0m  [["id", 1], ["LIMIT", 1]]
  ↳ app/controllers/cats_controller.rb:8
  Rendering cats/show.html.erb within layouts/application
  Rendered cats/show.html.erb within layouts/application (1.5ms)
Completed 200 OK in 124ms (Views: 63.3ms | ActiveRecord: 0.9ms)


Started GET "/cats/3" for 127.0.0.1 at 2018-11-13 14:02:36 -0800
Processing by CatsController#show as HTML
  Parameters: {"id"=>"3"}
  [1m[36mCat Load (1.1ms)[0m  [1m[34mSELECT  "cats".* FROM "cats" WHERE "cats"."id" = $1 LIMIT $2[0m  [["id", 3], ["LIMIT", 1]]
  ↳ app/controllers/cats_controller.rb:8
  Rendering cats/show.html.erb within layouts/application
  Rendered cats/show.html.erb within layouts/application (1.2ms)
Completed 200 OK in 49ms (Views: 44.8ms | ActiveRecord: 1.1ms)


Started GET "/cats/3" for 127.0.0.1 at 2018-11-13 14:07:47 -0800
Processing by CatsController#show as HTML
  Parameters: {"id"=>"3"}
  [1m[36mCat Load (0.5ms)[0m  [1m[34mSELECT  "cats".* FROM "cats" WHERE "cats"."id" = $1 LIMIT $2[0m  [["id", 3], ["LIMIT", 1]]
  ↳ app/controllers/cats_controller.rb:8
  Rendering cats/show.html.erb within layouts/application
  Rendered cats/show.html.erb within layouts/application (1.4ms)
Completed 200 OK in 111ms (Views: 108.1ms | ActiveRecord: 0.5ms)


Started GET "/cats/3" for 127.0.0.1 at 2018-11-13 14:07:55 -0800
Processing by CatsController#show as HTML
  Parameters: {"id"=>"3"}
  [1m[36mCat Load (0.6ms)[0m  [1m[34mSELECT  "cats".* FROM "cats" WHERE "cats"."id" = $1 LIMIT $2[0m  [["id", 3], ["LIMIT", 1]]
  ↳ app/controllers/cats_controller.rb:8
  Rendering cats/show.html.erb within layouts/application
  Rendered cats/show.html.erb within layouts/application (0.8ms)
Completed 200 OK in 69ms (Views: 64.0ms | ActiveRecord: 0.6ms)


Started GET "/cats/3" for 127.0.0.1 at 2018-11-13 14:08:16 -0800
Processing by CatsController#show as HTML
  Parameters: {"id"=>"3"}
  [1m[36mCat Load (0.6ms)[0m  [1m[34mSELECT  "cats".* FROM "cats" WHERE "cats"."id" = $1 LIMIT $2[0m  [["id", 3], ["LIMIT", 1]]
  ↳ app/controllers/cats_controller.rb:8
  Rendering cats/show.html.erb within layouts/application
  Rendered cats/show.html.erb within layouts/application (0.7ms)
Completed 200 OK in 36ms (Views: 33.2ms | ActiveRecord: 0.6ms)


Started GET "/cats/3" for 127.0.0.1 at 2018-11-13 14:08:58 -0800
Processing by CatsController#show as HTML
  Parameters: {"id"=>"3"}
  [1m[36mCat Load (0.6ms)[0m  [1m[34mSELECT  "cats".* FROM "cats" WHERE "cats"."id" = $1 LIMIT $2[0m  [["id", 3], ["LIMIT", 1]]
  ↳ app/controllers/cats_controller.rb:8
  Rendering cats/show.html.erb within layouts/application
  Rendered cats/show.html.erb within layouts/application (1.5ms)
Completed 200 OK in 77ms (Views: 74.5ms | ActiveRecord: 0.6ms)


Started GET "/cats/3" for 127.0.0.1 at 2018-11-13 14:15:28 -0800
Processing by CatsController#show as HTML
  Parameters: {"id"=>"3"}
  [1m[36mCat Load (1.5ms)[0m  [1m[34mSELECT  "cats".* FROM "cats" WHERE "cats"."id" = $1 LIMIT $2[0m  [["id", 3], ["LIMIT", 1]]
  ↳ app/controllers/cats_controller.rb:8
  Rendering cats/show.html.erb within layouts/application
  Rendered cats/show.html.erb within layouts/application (1.2ms)
Completed 200 OK in 75ms (Views: 71.6ms | ActiveRecord: 1.5ms)


Started GET "/cats/" for 127.0.0.1 at 2018-11-13 14:15:42 -0800
Processing by CatsController#index as HTML
  Rendering cats/index.html.erb within layouts/application
  [1m[36mCat Load (0.6ms)[0m  [1m[34mSELECT "cats".* FROM "cats"[0m
  ↳ app/views/cats/index.html.erb:3
  Rendered cats/index.html.erb within layouts/application (3.1ms)
Completed 200 OK in 32ms (Views: 30.4ms | ActiveRecord: 0.6ms)


Started GET "/cats/" for 127.0.0.1 at 2018-11-13 14:17:01 -0800
Processing by CatsController#index as HTML
  Rendering cats/index.html.erb within layouts/application
  [1m[36mCat Load (0.8ms)[0m  [1m[34mSELECT "cats".* FROM "cats"[0m
  ↳ app/views/cats/index.html.erb:3
  Rendered cats/index.html.erb within layouts/application (32.6ms)
Completed 200 OK in 212ms (Views: 141.5ms | ActiveRecord: 16.3ms)


Started GET "/cats/1/edit" for 127.0.0.1 at 2018-11-13 14:17:20 -0800
Processing by CatsController#edit as HTML
  Parameters: {"id"=>"1"}
Completed 406 Not Acceptable in 152ms (ActiveRecord: 0.0ms)



ActionController::UnknownFormat - CatsController#edit is missing a template for this request format and variant.

request.formats: ["text/html"]
request.variant: []

NOTE! For XHR/Ajax or API requests, this action would normally respond with 204 No Content: an empty white screen. Since you're loading it in a web browser, we assume that you expected to actually render a template, not nothing, so we're showing an error to be extra-clear. If you expect 204 No Content, carry on. That's what you'll get from an XHR or API request. Give it a shot.:

Started POST "/__better_errors/4bc35cb50815b87c/variables" for 127.0.0.1 at 2018-11-13 14:17:20 -0800
Started GET "/cats/new" for 127.0.0.1 at 2018-11-13 14:17:31 -0800
Processing by CatsController#new as HTML
  Rendering cats/new.html.erb within layouts/application
  Rendered cats/new.html.erb within layouts/application (0.7ms)
Completed 200 OK in 282ms (Views: 281.3ms | ActiveRecord: 0.0ms)


Started GET "/cats/new" for 127.0.0.1 at 2018-11-13 14:17:42 -0800
Processing by CatsController#new as HTML
  Rendering cats/new.html.erb within layouts/application
  Rendered cats/new.html.erb within layouts/application (0.8ms)
Completed 200 OK in 27ms (Views: 26.8ms | ActiveRecord: 0.0ms)


Started POST "/__better_errors/4bc35cb50815b87c/variables" for 127.0.0.1 at 2018-11-13 14:22:54 -0800
Started GET "/cats/new" for 127.0.0.1 at 2018-11-13 14:28:20 -0800
Processing by CatsController#new as HTML
  Rendering cats/new.html.erb within layouts/application
  Rendered cats/new.html.erb within layouts/application (5.7ms)
Completed 200 OK in 623ms (Views: 620.5ms | ActiveRecord: 0.0ms)


Started GET "/cats/new" for 127.0.0.1 at 2018-11-13 14:28:25 -0800
Processing by CatsController#new as HTML
  Rendering cats/new.html.erb within layouts/application
  Rendered cats/new.html.erb within layouts/application (11.3ms)
Completed 200 OK in 691ms (Views: 517.0ms | ActiveRecord: 0.0ms)


Started GET "/cats/new" for 127.0.0.1 at 2018-11-13 14:32:19 -0800
Processing by CatsController#new as HTML
  Rendering cats/new.html.erb within layouts/application
  Rendered cats/new.html.erb within layouts/application (649.0ms)
Completed 500 Internal Server Error in 738ms (ActiveRecord: 0.0ms)



NameError - uninitialized constant ActionView::CompiledTemplates::Cats:
  app/views/cats/new.html.erb:17:in `_app_views_cats_new_html_erb___1221476274694481733_70355644568520'
  app/controllers/cats_controller.rb:29:in `new'

Started POST "/__better_errors/1b969f70dad8debc/variables" for 127.0.0.1 at 2018-11-13 14:32:21 -0800
Started GET "/cats/new" for 127.0.0.1 at 2018-11-13 14:34:26 -0800
Processing by CatsController#new as HTML
  Rendering cats/new.html.erb within layouts/application
  Rendered cats/new.html.erb within layouts/application (444.6ms)
Completed 200 OK in 983ms (Views: 970.8ms | ActiveRecord: 0.0ms)


Started GET "/cats/new" for 127.0.0.1 at 2018-11-13 14:39:12 -0800
Processing by CatsController#new as HTML
  Rendering cats/new.html.erb within layouts/application
  Rendered cats/new.html.erb within layouts/application (78.9ms)
Completed 200 OK in 990ms (Views: 893.6ms | ActiveRecord: 0.0ms)


Started GET "/cats/new" for 127.0.0.1 at 2018-11-13 14:44:06 -0800
Processing by CatsController#new as HTML
  Rendering cats/new.html.erb within layouts/application
  Rendered cats/new.html.erb within layouts/application (1.0ms)
Completed 200 OK in 230ms (Views: 223.8ms | ActiveRecord: 0.0ms)


Started GET "/cats/new" for 127.0.0.1 at 2018-11-13 14:44:20 -0800
Processing by CatsController#new as HTML
  Rendering cats/new.html.erb within layouts/application
  Rendered cats/new.html.erb within layouts/application (1.5ms)
Completed 200 OK in 74ms (Views: 72.7ms | ActiveRecord: 0.0ms)


Started GET "/cats/new" for 127.0.0.1 at 2018-11-13 14:45:21 -0800
Processing by CatsController#new as HTML
  Rendering cats/new.html.erb within layouts/application
  Rendered cats/new.html.erb within layouts/application (1.0ms)
Completed 200 OK in 38ms (Views: 37.0ms | ActiveRecord: 0.0ms)


Started GET "/cats/new" for 127.0.0.1 at 2018-11-13 14:45:39 -0800
Processing by CatsController#new as HTML
  Rendering cats/new.html.erb within layouts/application
  Rendered cats/new.html.erb within layouts/application (1.3ms)
Completed 200 OK in 32ms (Views: 30.5ms | ActiveRecord: 0.0ms)


Started GET "/cats/new" for 127.0.0.1 at 2018-11-13 14:45:49 -0800
Processing by CatsController#new as HTML
  Rendering cats/new.html.erb within layouts/application
  Rendered cats/new.html.erb within layouts/application (18.3ms)
Completed 200 OK in 118ms (Views: 117.1ms | ActiveRecord: 0.0ms)


Started GET "/cats/new" for 127.0.0.1 at 2018-11-13 14:45:49 -0800
Processing by CatsController#new as HTML
  Rendering cats/new.html.erb within layouts/application
  Rendered cats/new.html.erb within layouts/application (1.1ms)
Completed 200 OK in 32ms (Views: 31.4ms | ActiveRecord: 0.0ms)


Started GET "/cats/new" for 127.0.0.1 at 2018-11-13 14:46:22 -0800
Processing by CatsController#new as HTML
  Rendering cats/new.html.erb within layouts/application
  Rendered cats/new.html.erb within layouts/application (1.5ms)
Completed 200 OK in 86ms (Views: 84.6ms | ActiveRecord: 0.0ms)


Started GET "/cats/new" for 127.0.0.1 at 2018-11-13 14:46:44 -0800
Processing by CatsController#new as HTML
  Rendering cats/new.html.erb within layouts/application
  Rendered cats/new.html.erb within layouts/application (1.4ms)
Completed 200 OK in 70ms (Views: 69.1ms | ActiveRecord: 0.0ms)


Started GET "/cats/new" for 127.0.0.1 at 2018-11-13 14:46:44 -0800
Processing by CatsController#new as HTML
  Rendering cats/new.html.erb within layouts/application
  Rendered cats/new.html.erb within layouts/application (0.9ms)
Completed 200 OK in 35ms (Views: 34.6ms | ActiveRecord: 0.0ms)


Started GET "/cats/new" for 127.0.0.1 at 2018-11-13 14:46:46 -0800
Processing by CatsController#new as HTML
  Rendering cats/new.html.erb within layouts/application
  Rendered cats/new.html.erb within layouts/application (0.9ms)
Completed 200 OK in 108ms (Views: 107.0ms | ActiveRecord: 0.0ms)


Started GET "/cats/new" for 127.0.0.1 at 2018-11-13 14:46:47 -0800
Processing by CatsController#new as HTML
  Rendering cats/new.html.erb within layouts/application
  Rendered cats/new.html.erb within layouts/application (0.8ms)
Completed 200 OK in 48ms (Views: 47.5ms | ActiveRecord: 0.0ms)


Started GET "/cats/new" for 127.0.0.1 at 2018-11-13 14:46:47 -0800
Processing by CatsController#new as HTML
  Rendering cats/new.html.erb within layouts/application
  Rendered cats/new.html.erb within layouts/application (1.1ms)
Completed 200 OK in 63ms (Views: 62.0ms | ActiveRecord: 0.0ms)


Started GET "/cats/new" for 127.0.0.1 at 2018-11-13 14:47:06 -0800
Processing by CatsController#new as HTML
  Rendering cats/new.html.erb within layouts/application
  Rendered cats/new.html.erb within layouts/application (1.1ms)
Completed 200 OK in 33ms (Views: 31.9ms | ActiveRecord: 0.0ms)


Started GET "/cats/1/edit" for 127.0.0.1 at 2018-11-13 14:59:05 -0800
Processing by CatsController#edit as HTML
  Parameters: {"id"=>"1"}
  [1m[36mCat Load (100.6ms)[0m  [1m[34mSELECT  "cats".* FROM "cats" WHERE "cats"."id" = $1 LIMIT $2[0m  [["id", 1], ["LIMIT", 1]]
  ↳ app/controllers/cats_controller.rb:25
  Rendering cats/edit.html.erb within layouts/application
  Rendered cats/edit.html.erb within layouts/application (599.6ms)
Completed 500 Internal Server Error in 3438ms (ActiveRecord: 430.8ms)



NoMethodError - undefined method `upcase=' for "M":String
Did you mean?  upcase
               upcase!:
  app/views/cats/edit.html.erb:13:in `_app_views_cats_edit_html_erb___1738499181505527567_70355647841020'
  app/controllers/cats_controller.rb:26:in `edit'

Started POST "/__better_errors/96446cc0a145e1f9/variables" for 127.0.0.1 at 2018-11-13 14:59:22 -0800
Started POST "/__better_errors/96446cc0a145e1f9/variables" for 127.0.0.1 at 2018-11-13 14:59:29 -0800
